<?xml version="1.0" encoding="UTF-8"?>
<testng-results ignored="0" total="1" passed="1" failed="0" skipped="0">
  <reporter-output>
  </reporter-output>
  <suite started-at="2020-07-27T10:54:33 CLT" name="Default suite" finished-at="2020-07-27T10:54:49 CLT" duration-ms="16620">
    <groups>
    </groups>
    <test started-at="2020-07-27T10:54:33 CLT" name="Default test" finished-at="2020-07-27T10:54:49 CLT" duration-ms="16620">
      <class name="com.proyect.test.PublishTest">
        <test-method is-config="true" signature="beforeClass()[pri:0, instance:com.proyect.test.PublishTest@3d121db3]" started-at="2020-07-27T10:54:33 CLT" name="beforeClass" finished-at="2020-07-27T10:54:41 CLT" duration-ms="7754" status="PASS">
          <reporter-output>
          </reporter-output>
        </test-method> <!-- beforeClass -->
        <test-method signature="Publish(java.lang.String, java.lang.String, java.lang.String, java.lang.String, java.lang.String, java.lang.String, java.lang.String, java.lang.String, java.lang.String, java.lang.String, java.lang.String, java.lang.String)[pri:0, instance:com.proyect.test.PublishTest@3d121db3]" started-at="2020-07-27T10:54:41 CLT" name="Publish" description="Publicar un articulo" data-provider="PublishData" finished-at="2020-07-27T10:54:49 CLT" duration-ms="8780" status="PASS">
          <params>
            <param index="0">
              <value>
                <![CDATA[sivifo8824@inmail92.com]]>
              </value>
            </param>
            <param index="1">
              <value>
                <![CDATA[abc12345]]>
              </value>
            </param>
            <param index="2">
              <value>
                <![CDATA[Moda y vestuario]]>
              </value>
            </param>
            <param index="3">
              <value>
                <![CDATA[Usado]]>
              </value>
            </param>
            <param index="4">
              <value>
                <![CDATA[Masculino]]>
              </value>
            </param>
            <param index="5">
              <value>
                <![CDATA[L]]>
              </value>
            </param>
            <param index="6">
              <value>
                <![CDATA[Poleron]]>
              </value>
            </param>
            <param index="7">
              <value>
                <![CDATA[Post de Prueba de Venta de camisa]]>
              </value>
            </param>
            <param index="8">
              <value>
                <![CDATA[100000]]>
              </value>
            </param>
            <param index="9">
              <value>
                <![CDATA[C:\\Users\\oswal\\Pictures\\camisa.png]]>
              </value>
            </param>
            <param index="10">
              <value>
                <![CDATA[Región Metropolitana]]>
              </value>
            </param>
            <param index="11">
              <value>
                <![CDATA[Santiago]]>
              </value>
            </param>
          </params>
          <reporter-output>
          </reporter-output>
        </test-method> <!-- Publish -->
        <test-method is-config="true" signature="afterClass()[pri:0, instance:com.proyect.test.PublishTest@3d121db3]" started-at="2020-07-27T10:54:49 CLT" name="afterClass" finished-at="2020-07-27T10:54:49 CLT" duration-ms="0" status="PASS">
          <reporter-output>
          </reporter-output>
        </test-method> <!-- afterClass -->
      </class> <!-- com.proyect.test.PublishTest -->
    </test> <!-- Default test -->
  </suite> <!-- Default suite -->
</testng-results>
